TN:
SF:src/srever.js
FN:25,start
FN:26,(anonymous_1)
FNF:2
FNH:0
FNDA:0,start
FNDA:0,(anonymous_1)
DA:3,1
DA:4,1
DA:7,1
DA:8,1
DA:12,1
DA:14,1
DA:18,1
DA:19,1
DA:21,1
DA:26,0
DA:27,0
DA:30,1
LF:12
LH:10
BRDA:4,0,0,1
BRDA:4,0,1,0
BRF:2
BRH:1
end_of_record
TN:
SF:src/error_handlers/404.js
FN:2,(anonymous_0)
FNF:1
FNH:1
FNDA:1,(anonymous_0)
DA:2,1
DA:4,1
LF:2
LH:2
BRF:0
BRH:0
end_of_record
TN:
SF:src/middleware/logger.js
FN:2,(anonymous_0)
FNF:1
FNH:1
FNDA:1,(anonymous_0)
DA:2,1
DA:3,1
DA:4,1
LF:3
LH:3
BRF:0
BRH:0
end_of_record
TN:
SF:src/models/food.model.js
FN:3,(anonymous_0)
FNF:1
FNH:1
FNDA:1,(anonymous_0)
DA:3,1
DA:4,1
DA:13,1
DA:15,1
LF:4
LH:4
BRF:0
BRH:0
end_of_record
TN:
SF:src/models/index.model.js
FNF:0
FNH:0
DA:2,1
DA:3,1
DA:5,1
DA:7,1
DA:10,1
DA:19,1
DA:21,1
LF:7
LH:7
BRDA:3,0,0,1
BRDA:3,0,1,0
BRDA:10,1,0,0
BRDA:10,1,1,1
BRF:4
BRH:2
end_of_record
TN:
SF:src/routes/food.route.js
FN:15,getFoods
FN:19,getOneFood
FN:24,addFood
FN:29,updateFood
FN:40,deleteFood
FNF:5
FNH:5
FNDA:1,getFoods
FNDA:1,getOneFood
FNDA:1,addFood
FNDA:1,updateFood
FNDA:1,deleteFood
DA:2,1
DA:4,1
DA:6,1
DA:9,1
DA:10,1
DA:11,1
DA:12,1
DA:13,1
DA:16,1
DA:17,1
DA:20,1
DA:21,1
DA:22,1
DA:25,1
DA:26,1
DA:27,1
DA:30,1
DA:31,1
DA:32,1
DA:33,1
DA:34,1
DA:35,1
DA:37,0
DA:41,1
DA:42,1
DA:43,1
DA:44,1
DA:45,1
DA:47,0
DA:50,1
LF:30
LH:28
BRDA:33,0,0,1
BRDA:33,0,1,0
BRDA:43,1,0,1
BRDA:43,1,1,0
BRF:4
BRH:2
end_of_record
